2025-03-24 11:49:28,150 [restartedMain] INFO  com.naeunminchocofarm.ncf_api.NcfApiApplication: Starting NcfApiApplication using Java 17.0.13 with PID 18328 (D:\01-STUDY\devel\naeunminchocofarm\ncf-api\build\classes\java\main started by GRS in D:\01-STUDY\devel\naeunminchocofarm\ncf-api)
2025-03-24 11:49:28,155 [restartedMain] INFO  com.naeunminchocofarm.ncf_api.NcfApiApplication: No active profile set, falling back to 1 default profile: "default"
2025-03-24 11:49:28,180 [restartedMain] INFO  org.springframework.boot.devtools.env.DevToolsPropertyDefaultsPostProcessor: Devtools property defaults active! Set 'spring.devtools.add-properties' to 'false' to disable
2025-03-24 11:49:28,180 [restartedMain] INFO  org.springframework.boot.devtools.env.DevToolsPropertyDefaultsPostProcessor: For additional web related logging consider setting the 'logging.level.web' property to 'DEBUG'
2025-03-24 11:49:28,618 [restartedMain] WARN  org.mybatis.spring.mapper.ClassPathMapperScanner: No MyBatis mapper was found in '[com.naeunminchocofarm.ncf_api]' package. Please check your configuration.
2025-03-24 11:49:28,695 [restartedMain] INFO  com.ulisesbocchio.jasyptspringboot.configuration.EnableEncryptablePropertiesBeanFactoryPostProcessor: Post-processing PropertySource instances
2025-03-24 11:49:28,697 [restartedMain] INFO  com.ulisesbocchio.jasyptspringboot.EncryptablePropertySourceConverter: Skipping PropertySource configurationProperties [class org.springframework.boot.context.properties.source.ConfigurationPropertySourcesPropertySource
2025-03-24 11:49:28,697 [restartedMain] INFO  com.ulisesbocchio.jasyptspringboot.EncryptablePropertySourceConverter: Skipping PropertySource servletConfigInitParams [class org.springframework.core.env.PropertySource$StubPropertySource
2025-03-24 11:49:28,697 [restartedMain] INFO  com.ulisesbocchio.jasyptspringboot.EncryptablePropertySourceConverter: Skipping PropertySource servletContextInitParams [class org.springframework.core.env.PropertySource$StubPropertySource
2025-03-24 11:49:28,698 [restartedMain] INFO  com.ulisesbocchio.jasyptspringboot.EncryptablePropertySourceConverter: Converting PropertySource systemProperties [org.springframework.core.env.PropertiesPropertySource] to EncryptableMapPropertySourceWrapper
2025-03-24 11:49:28,698 [restartedMain] INFO  com.ulisesbocchio.jasyptspringboot.EncryptablePropertySourceConverter: Converting PropertySource systemEnvironment [org.springframework.boot.env.SystemEnvironmentPropertySourceEnvironmentPostProcessor$OriginAwareSystemEnvironmentPropertySource] to EncryptableSystemEnvironmentPropertySourceWrapper
2025-03-24 11:49:28,698 [restartedMain] INFO  com.ulisesbocchio.jasyptspringboot.EncryptablePropertySourceConverter: Converting PropertySource random [org.springframework.boot.env.RandomValuePropertySource] to EncryptablePropertySourceWrapper
2025-03-24 11:49:28,698 [restartedMain] INFO  com.ulisesbocchio.jasyptspringboot.EncryptablePropertySourceConverter: Converting PropertySource Config resource 'class path resource [application.yml]' via location 'optional:classpath:/' [org.springframework.boot.env.OriginTrackedMapPropertySource] to EncryptableMapPropertySourceWrapper
2025-03-24 11:49:28,698 [restartedMain] INFO  com.ulisesbocchio.jasyptspringboot.EncryptablePropertySourceConverter: Converting PropertySource devtools [org.springframework.core.env.MapPropertySource] to EncryptableMapPropertySourceWrapper
2025-03-24 11:49:28,698 [restartedMain] INFO  com.ulisesbocchio.jasyptspringboot.EncryptablePropertySourceConverter: Converting PropertySource applicationInfo [org.springframework.boot.ApplicationInfoPropertySource] to EncryptableMapPropertySourceWrapper
2025-03-24 11:49:28,754 [restartedMain] INFO  com.ulisesbocchio.jasyptspringboot.filter.DefaultLazyPropertyFilter: Property Filter custom Bean not found with name 'encryptablePropertyFilter'. Initializing Default Property Filter
2025-03-24 11:49:28,764 [restartedMain] INFO  com.ulisesbocchio.jasyptspringboot.resolver.DefaultLazyPropertyResolver: Property Resolver custom Bean not found with name 'encryptablePropertyResolver'. Initializing Default Property Resolver
2025-03-24 11:49:28,766 [restartedMain] INFO  com.ulisesbocchio.jasyptspringboot.detector.DefaultLazyPropertyDetector: Property Detector custom Bean not found with name 'encryptablePropertyDetector'. Initializing Default Property Detector
2025-03-24 11:49:28,950 [restartedMain] INFO  org.springframework.boot.web.embedded.tomcat.TomcatWebServer: Tomcat initialized with port 8080 (http)
2025-03-24 11:49:28,958 [restartedMain] INFO  org.apache.coyote.http11.Http11NioProtocol: Initializing ProtocolHandler ["http-nio-8080"]
2025-03-24 11:49:28,960 [restartedMain] INFO  org.apache.catalina.core.StandardService: Starting service [Tomcat]
2025-03-24 11:49:28,960 [restartedMain] INFO  org.apache.catalina.core.StandardEngine: Starting Servlet engine: [Apache Tomcat/10.1.39]
2025-03-24 11:49:29,029 [restartedMain] INFO  org.apache.catalina.core.ContainerBase.[Tomcat].[localhost].[/]: Initializing Spring embedded WebApplicationContext
2025-03-24 11:49:29,030 [restartedMain] INFO  org.springframework.boot.web.servlet.context.ServletWebServerApplicationContext: Root WebApplicationContext: initialization completed in 848 ms
2025-03-24 11:49:29,068 [restartedMain] INFO  com.ulisesbocchio.jasyptspringboot.encryptor.DefaultLazyEncryptor: String Encryptor custom Bean not found with name 'jasyptStringEncryptor'. Initializing Default String Encryptor
2025-03-24 11:49:29,074 [restartedMain] INFO  com.ulisesbocchio.jasyptspringboot.configuration.StringEncryptorBuilder: Encryptor config not found for property jasypt.encryptor.algorithm, using default value: PBEWITHHMACSHA512ANDAES_256
2025-03-24 11:49:29,074 [restartedMain] INFO  com.ulisesbocchio.jasyptspringboot.configuration.StringEncryptorBuilder: Encryptor config not found for property jasypt.encryptor.key-obtention-iterations, using default value: 1000
2025-03-24 11:49:29,075 [restartedMain] INFO  com.ulisesbocchio.jasyptspringboot.configuration.StringEncryptorBuilder: Encryptor config not found for property jasypt.encryptor.pool-size, using default value: 1
2025-03-24 11:49:29,075 [restartedMain] INFO  com.ulisesbocchio.jasyptspringboot.configuration.StringEncryptorBuilder: Encryptor config not found for property jasypt.encryptor.provider-name, using default value: null
2025-03-24 11:49:29,075 [restartedMain] INFO  com.ulisesbocchio.jasyptspringboot.configuration.StringEncryptorBuilder: Encryptor config not found for property jasypt.encryptor.provider-class-name, using default value: null
2025-03-24 11:49:29,075 [restartedMain] INFO  com.ulisesbocchio.jasyptspringboot.configuration.StringEncryptorBuilder: Encryptor config not found for property jasypt.encryptor.salt-generator-classname, using default value: org.jasypt.salt.RandomSaltGenerator
2025-03-24 11:49:29,076 [restartedMain] INFO  com.ulisesbocchio.jasyptspringboot.configuration.StringEncryptorBuilder: Encryptor config not found for property jasypt.encryptor.iv-generator-classname, using default value: org.jasypt.iv.RandomIvGenerator
2025-03-24 11:49:29,076 [restartedMain] INFO  com.ulisesbocchio.jasyptspringboot.configuration.StringEncryptorBuilder: Encryptor config not found for property jasypt.encryptor.string-output-type, using default value: base64
2025-03-24 11:49:29,470 [restartedMain] INFO  org.springframework.boot.devtools.autoconfigure.OptionalLiveReloadServer: LiveReload server is running on port 35729
2025-03-24 11:49:29,478 [restartedMain] INFO  org.apache.coyote.http11.Http11NioProtocol: Starting ProtocolHandler ["http-nio-8080"]
2025-03-24 11:49:29,498 [restartedMain] INFO  org.springframework.boot.web.embedded.tomcat.TomcatWebServer: Tomcat started on port 8080 (http) with context path '/'
2025-03-24 11:49:29,499 [restartedMain] INFO  com.ulisesbocchio.jasyptspringboot.caching.RefreshScopeRefreshedEventListener: Refreshing cached encryptable property sources on ServletWebServerInitializedEvent
2025-03-24 11:49:29,499 [restartedMain] INFO  com.ulisesbocchio.jasyptspringboot.caching.CachingDelegateEncryptablePropertySource: Property Source systemProperties refreshed
2025-03-24 11:49:29,499 [restartedMain] INFO  com.ulisesbocchio.jasyptspringboot.caching.CachingDelegateEncryptablePropertySource: Property Source systemEnvironment refreshed
2025-03-24 11:49:29,499 [restartedMain] INFO  com.ulisesbocchio.jasyptspringboot.caching.CachingDelegateEncryptablePropertySource: Property Source random refreshed
2025-03-24 11:49:29,499 [restartedMain] INFO  com.ulisesbocchio.jasyptspringboot.caching.CachingDelegateEncryptablePropertySource: Property Source Config resource 'class path resource [application.yml]' via location 'optional:classpath:/' refreshed
2025-03-24 11:49:29,499 [restartedMain] INFO  com.ulisesbocchio.jasyptspringboot.caching.CachingDelegateEncryptablePropertySource: Property Source devtools refreshed
2025-03-24 11:49:29,499 [restartedMain] INFO  com.ulisesbocchio.jasyptspringboot.caching.CachingDelegateEncryptablePropertySource: Property Source applicationInfo refreshed
2025-03-24 11:49:29,499 [restartedMain] INFO  com.ulisesbocchio.jasyptspringboot.EncryptablePropertySourceConverter: Skipping PropertySource configurationProperties [class org.springframework.boot.context.properties.source.ConfigurationPropertySourcesPropertySource
2025-03-24 11:49:29,499 [restartedMain] INFO  com.ulisesbocchio.jasyptspringboot.EncryptablePropertySourceConverter: Skipping PropertySource servletConfigInitParams [class org.springframework.core.env.PropertySource$StubPropertySource
2025-03-24 11:49:29,500 [restartedMain] INFO  com.ulisesbocchio.jasyptspringboot.EncryptablePropertySourceConverter: Converting PropertySource servletContextInitParams [org.springframework.web.context.support.ServletContextPropertySource] to EncryptableEnumerablePropertySourceWrapper
2025-03-24 11:49:29,505 [restartedMain] INFO  com.naeunminchocofarm.ncf_api.NcfApiApplication: Started NcfApiApplication in 1.588 seconds (process running for 2.165)
2025-03-24 11:49:40,228 [http-nio-8080-exec-2] INFO  org.apache.catalina.core.ContainerBase.[Tomcat].[localhost].[/]: Initializing Spring DispatcherServlet 'dispatcherServlet'
2025-03-24 11:49:40,228 [http-nio-8080-exec-2] INFO  org.springframework.web.servlet.DispatcherServlet: Initializing Servlet 'dispatcherServlet'
2025-03-24 11:49:40,228 [http-nio-8080-exec-2] INFO  org.springframework.web.servlet.DispatcherServlet: Completed initialization in 0 ms
2025-03-24 11:49:40,254 [http-nio-8080-exec-2] INFO  com.naeunminchocofarm.ncf_api.controller.AuthExampleController: id = 1, roleNames = [관리자], roleFlags = [12]
